<?xml version="1.0" encoding="UTF-8"?>
<testsuite xmlns:xsi="http://www.w3.org/2001/XMLSchema-instance" xsi:noNamespaceSchemaLocation="https://maven.apache.org/surefire/maven-surefire-plugin/xsd/surefire-test-report-3.0.xsd" version="3.0" name="com.project.vn.dao.ContractDAOTest" time="0.837" tests="5" errors="0" skipped="0" failures="0">
  <properties>
    <property name="java.specification.version" value="21"/>
    <property name="sun.cpu.isalist" value="amd64"/>
    <property name="sun.jnu.encoding" value="Cp1258"/>
    <property name="java.class.path" value="D:\NETBEAN\NEW\QLNS_CTY_HOANGTRUONG\QLNS_CTY_HOANGTRUONG\target\test-classes;D:\NETBEAN\NEW\QLNS_CTY_HOANGTRUONG\QLNS_CTY_HOANGTRUONG\target\classes;C:\Users\PHUONG THAO\.m2\repository\org\projectlombok\lombok\1.18.32\lombok-1.18.32.jar;C:\Users\PHUONG THAO\.m2\repository\mysql\mysql-connector-java\8.0.30\mysql-connector-java-8.0.30.jar;C:\Users\PHUONG THAO\.m2\repository\com\google\protobuf\protobuf-java\3.19.4\protobuf-java-3.19.4.jar;C:\Users\PHUONG THAO\.m2\repository\com\microsoft\sqlserver\mssql-jdbc\8.2.2.jre8\mssql-jdbc-8.2.2.jre8.jar;C:\Users\PHUONG THAO\.m2\repository\org\swinglabs\swingx\swingx-core\1.6.5\swingx-core-1.6.5.jar;C:\Users\PHUONG THAO\.m2\repository\org\swinglabs\swingx\swingx-autocomplete\1.6.5\swingx-autocomplete-1.6.5.jar;C:\Users\PHUONG THAO\.m2\repository\org\swinglabs\swingx\swingx-common\1.6.5\swingx-common-1.6.5.jar;C:\Users\PHUONG THAO\.m2\repository\org\swinglabs\swingx\swingx-action\1.6.5\swingx-action-1.6.5.jar;C:\Users\PHUONG THAO\.m2\repository\org\swinglabs\swingx\swingx-plaf\1.6.5\swingx-plaf-1.6.5.jar;C:\Users\PHUONG THAO\.m2\repository\org\swinglabs\swingx\swingx-graphics\1.6.5\swingx-graphics-1.6.5.jar;C:\Users\PHUONG THAO\.m2\repository\org\swinglabs\swingx\swingx-painters\1.6.5\swingx-painters-1.6.5.jar;C:\Users\PHUONG THAO\.m2\repository\org\netbeans\external\AbsoluteLayout\RELEASE190\AbsoluteLayout-RELEASE190.jar;C:\Users\PHUONG THAO\.m2\repository\org\junit\jupiter\junit-jupiter-api\5.6.0\junit-jupiter-api-5.6.0.jar;C:\Users\PHUONG THAO\.m2\repository\org\apiguardian\apiguardian-api\1.1.0\apiguardian-api-1.1.0.jar;C:\Users\PHUONG THAO\.m2\repository\org\opentest4j\opentest4j\1.2.0\opentest4j-1.2.0.jar;C:\Users\PHUONG THAO\.m2\repository\org\junit\platform\junit-platform-commons\1.6.0\junit-platform-commons-1.6.0.jar;C:\Users\PHUONG THAO\.m2\repository\org\junit\jupiter\junit-jupiter-params\5.6.0\junit-jupiter-params-5.6.0.jar;C:\Users\PHUONG THAO\.m2\repository\org\junit\jupiter\junit-jupiter-engine\5.6.0\junit-jupiter-engine-5.6.0.jar;C:\Users\PHUONG THAO\.m2\repository\org\junit\platform\junit-platform-engine\1.6.0\junit-platform-engine-1.6.0.jar;"/>
    <property name="java.vm.vendor" value="Oracle Corporation"/>
    <property name="sun.arch.data.model" value="64"/>
    <property name="user.variant" value=""/>
    <property name="java.vendor.url" value="https://java.oracle.com/"/>
    <property name="user.timezone" value="Asia/Saigon"/>
    <property name="os.name" value="Windows 11"/>
    <property name="java.vm.specification.version" value="21"/>
    <property name="user.country" value="US"/>
    <property name="sun.java.launcher" value="SUN_STANDARD"/>
    <property name="sun.boot.library.path" value="C:\Program Files\Java\jdk-21\bin"/>
    <property name="sun.java.command" value="C:\Users\PHUONG THAO\AppData\Local\Temp\surefire6512058391375315537\surefirebooter-20240511230811858_3.jar C:\Users\PHUONG THAO\AppData\Local\Temp\surefire6512058391375315537 2024-05-11T23-08-11_710-jvmRun1 surefire-20240511230811858_1tmp surefire_0-20240511230811858_2tmp"/>
    <property name="jdk.debug" value="release"/>
    <property name="test" value="com.project.vn.dao.**.*Test"/>
    <property name="surefire.test.class.path" value="D:\NETBEAN\NEW\QLNS_CTY_HOANGTRUONG\QLNS_CTY_HOANGTRUONG\target\test-classes;D:\NETBEAN\NEW\QLNS_CTY_HOANGTRUONG\QLNS_CTY_HOANGTRUONG\target\classes;C:\Users\PHUONG THAO\.m2\repository\org\projectlombok\lombok\1.18.32\lombok-1.18.32.jar;C:\Users\PHUONG THAO\.m2\repository\mysql\mysql-connector-java\8.0.30\mysql-connector-java-8.0.30.jar;C:\Users\PHUONG THAO\.m2\repository\com\google\protobuf\protobuf-java\3.19.4\protobuf-java-3.19.4.jar;C:\Users\PHUONG THAO\.m2\repository\com\microsoft\sqlserver\mssql-jdbc\8.2.2.jre8\mssql-jdbc-8.2.2.jre8.jar;C:\Users\PHUONG THAO\.m2\repository\org\swinglabs\swingx\swingx-core\1.6.5\swingx-core-1.6.5.jar;C:\Users\PHUONG THAO\.m2\repository\org\swinglabs\swingx\swingx-autocomplete\1.6.5\swingx-autocomplete-1.6.5.jar;C:\Users\PHUONG THAO\.m2\repository\org\swinglabs\swingx\swingx-common\1.6.5\swingx-common-1.6.5.jar;C:\Users\PHUONG THAO\.m2\repository\org\swinglabs\swingx\swingx-action\1.6.5\swingx-action-1.6.5.jar;C:\Users\PHUONG THAO\.m2\repository\org\swinglabs\swingx\swingx-plaf\1.6.5\swingx-plaf-1.6.5.jar;C:\Users\PHUONG THAO\.m2\repository\org\swinglabs\swingx\swingx-graphics\1.6.5\swingx-graphics-1.6.5.jar;C:\Users\PHUONG THAO\.m2\repository\org\swinglabs\swingx\swingx-painters\1.6.5\swingx-painters-1.6.5.jar;C:\Users\PHUONG THAO\.m2\repository\org\netbeans\external\AbsoluteLayout\RELEASE190\AbsoluteLayout-RELEASE190.jar;C:\Users\PHUONG THAO\.m2\repository\org\junit\jupiter\junit-jupiter-api\5.6.0\junit-jupiter-api-5.6.0.jar;C:\Users\PHUONG THAO\.m2\repository\org\apiguardian\apiguardian-api\1.1.0\apiguardian-api-1.1.0.jar;C:\Users\PHUONG THAO\.m2\repository\org\opentest4j\opentest4j\1.2.0\opentest4j-1.2.0.jar;C:\Users\PHUONG THAO\.m2\repository\org\junit\platform\junit-platform-commons\1.6.0\junit-platform-commons-1.6.0.jar;C:\Users\PHUONG THAO\.m2\repository\org\junit\jupiter\junit-jupiter-params\5.6.0\junit-jupiter-params-5.6.0.jar;C:\Users\PHUONG THAO\.m2\repository\org\junit\jupiter\junit-jupiter-engine\5.6.0\junit-jupiter-engine-5.6.0.jar;C:\Users\PHUONG THAO\.m2\repository\org\junit\platform\junit-platform-engine\1.6.0\junit-platform-engine-1.6.0.jar;"/>
    <property name="sun.cpu.endian" value="little"/>
    <property name="user.home" value="C:\Users\PHUONG THAO"/>
    <property name="user.language" value="en"/>
    <property name="java.specification.vendor" value="Oracle Corporation"/>
    <property name="java.version.date" value="2024-01-16"/>
    <property name="java.home" value="C:\Program Files\Java\jdk-21"/>
    <property name="file.separator" value="\"/>
    <property name="basedir" value="D:\NETBEAN\NEW\QLNS_CTY_HOANGTRUONG\QLNS_CTY_HOANGTRUONG"/>
    <property name="java.vm.compressedOopsMode" value="Zero based"/>
    <property name="line.separator" value="&#10;"/>
    <property name="java.vm.specification.vendor" value="Oracle Corporation"/>
    <property name="java.specification.name" value="Java Platform API Specification"/>
    <property name="surefire.real.class.path" value="C:\Users\PHUONG THAO\AppData\Local\Temp\surefire6512058391375315537\surefirebooter-20240511230811858_3.jar"/>
    <property name="user.script" value=""/>
    <property name="sun.management.compiler" value="HotSpot 64-Bit Tiered Compilers"/>
    <property name="java.runtime.version" value="21.0.2+13-LTS-58"/>
    <property name="user.name" value="PHUONG THAO"/>
    <property name="stdout.encoding" value="Cp1258"/>
    <property name="path.separator" value=";"/>
    <property name="os.version" value="10.0"/>
    <property name="java.runtime.name" value="Java(TM) SE Runtime Environment"/>
    <property name="file.encoding" value="UTF-8"/>
    <property name="java.vm.name" value="Java HotSpot(TM) 64-Bit Server VM"/>
    <property name="maven.ext.class.path" value="C:\Program Files\NetBeans-18\netbeans\java\maven-nblib\netbeans-eventspy.jar"/>
    <property name="localRepository" value="C:\Users\PHUONG THAO\.m2\repository"/>
    <property name="java.vendor.url.bug" value="https://bugreport.java.com/bugreport/"/>
    <property name="java.io.tmpdir" value="C:\Users\PHUONG~1\AppData\Local\Temp\"/>
    <property name="java.version" value="21.0.2"/>
    <property name="user.dir" value="D:\NETBEAN\NEW\QLNS_CTY_HOANGTRUONG\QLNS_CTY_HOANGTRUONG"/>
    <property name="os.arch" value="amd64"/>
    <property name="java.vm.specification.name" value="Java Virtual Machine Specification"/>
    <property name="sun.os.patch.level" value=""/>
    <property name="native.encoding" value="Cp1258"/>
    <property name="java.library.path" value="C:\Program Files\Java\jdk-21\bin;C:\Windows\Sun\Java\bin;C:\Windows\system32;C:\Windows;C:\Program Files\Common Files\Oracle\Java\javapath;C:\Program Files (x86)\VMware\VMware Workstation\bin\;C:\Windows\system32;C:\Windows;C:\Windows\System32\Wbem;C:\Windows\System32\WindowsPowerShell\v1.0\;C:\Windows\System32\OpenSSH\;C:\Program Files (x86)\NVIDIA Corporation\PhysX\Common;C:\Program Files\NVIDIA Corporation\NVIDIA NvDLISR;C:\Program Files\dotnet\;C:\Program Files (x86)\Windows Kits\10\Windows Performance Toolkit\;C:\Users\PHUONG THAO\Downloads\apache-maven-3.9.6-bin\bin;C:\Program Files\Java\jdk-21\bin;C:\Program Files\MySQL\MySQL Shell 8.0\bin\;C:\Users\PHUONG THAO\AppData\Local\Microsoft\WindowsApps;C:\Users\PHUONG THAO\AppData\Local\Programs\Microsoft VS Code\bin;C:\Users\PHUONG THAO\.dotnet\tools;C:\Program Files\JetBrains\PyCharm Community Edition 2024.1.1\bin;;."/>
    <property name="java.vm.info" value="mixed mode, sharing"/>
    <property name="stderr.encoding" value="Cp1258"/>
    <property name="java.vendor" value="Oracle Corporation"/>
    <property name="java.vm.version" value="21.0.2+13-LTS-58"/>
    <property name="sun.io.unicode.encoding" value="UnicodeLittle"/>
    <property name="java.class.version" value="65.0"/>
  </properties>
  <testcase name="testAdd" classname="com.project.vn.dao.ContractDAOTest" time="0.719">
    <system-out><![CDATA[Kết nối MY SQL thành công
]]></system-out>
  </testcase>
  <testcase name="testDelete" classname="com.project.vn.dao.ContractDAOTest" time="0.021">
    <system-out><![CDATA[Kết nối MY SQL thành công
]]></system-out>
  </testcase>
  <testcase name="testGetAll" classname="com.project.vn.dao.ContractDAOTest" time="0.038">
    <system-out><![CDATA[Kết nối MY SQL thành công
]]></system-out>
  </testcase>
  <testcase name="testUpdate" classname="com.project.vn.dao.ContractDAOTest" time="0.022">
    <system-out><![CDATA[Kết nối MY SQL thành công
]]></system-out>
  </testcase>
  <testcase name="testGetInstance" classname="com.project.vn.dao.ContractDAOTest" time="0.002"/>
</testsuite>